<?xml version='1.0' encoding='UTF-8'?>
<testsuite hostname="Anastasiias-MBP.fritz.box" name="services.PetServiceTest" tests="6" errors="0" failures="0" skipped="0" time="0.005" timestamp="2024-04-21T20:16:09">
          <properties>
      <property name="java.specification.version" value="17"/><property name="sun.jnu.encoding" value="UTF-8"/><property name="sun.arch.data.model" value="64"/><property name="sbt.supershell" value="false"/><property name="java.vendor.url" value="https://aws.amazon.com/corretto/"/><property name="sun.boot.library.path" value="/Users/anastasiiazubkova/Library/Java/JavaVirtualMachines/corretto-17.0.3/Contents/Home/lib"/><property name="sun.java.command" value="/Users/anastasiiazubkova/Library/Application Support/JetBrains/IntelliJIdea2023.2/plugins/Scala/launcher/sbt-launch.jar early(addPluginSbtFile=&quot;&quot;&quot;/private/var/folders/t7/lgjflk3d52qcw7xsf74fglth0000gp/T/idea235.sbt&quot;&quot;&quot;) ; set ideaPort in Global := 49343 ; idea-shell"/><property name="jdk.debug" value="release"/><property name="sun.stderr.encoding" value="US-ASCII"/><property name="java.specification.vendor" value="Oracle Corporation"/><property name="java.version.date" value="2022-04-19"/><property name="java.home" value="/Users/anastasiiazubkova/Library/Java/JavaVirtualMachines/corretto-17.0.3/Contents/Home"/><property name="file.separator" value="/"/><property name="java.vm.compressedOopsMode" value="Zero based"/><property name="line.separator" value="
"/><property name="sun.stdout.encoding" value="US-ASCII"/><property name="java.vm.specification.vendor" value="Oracle Corporation"/><property name="java.specification.name" value="Java Platform API Specification"/><property name="idea.installation.dir" value="/Applications/IntelliJ IDEA.app/Contents"/><property name="sun.management.compiler" value="HotSpot 64-Bit Tiered Compilers"/><property name="java.runtime.version" value="17.0.3+6-LTS"/><property name="user.name" value="anastasiiazubkova"/><property name="log4j.ignoreTCL" value="true"/><property name="file.encoding" value="UTF-8"/><property name="java.vendor.version" value="Corretto-17.0.3.6.1"/><property name="java.io.tmpdir" value="/var/folders/t7/lgjflk3d52qcw7xsf74fglth0000gp/T/"/><property name="java.version" value="17.0.3"/><property name="java.vm.specification.name" value="Java Virtual Machine Specification"/><property name="native.encoding" value="US-ASCII"/><property name="java.library.path" value="/Users/anastasiiazubkova/Library/Java/Extensions:/Library/Java/Extensions:/Network/Library/Java/Extensions:/System/Library/Java/Extensions:/usr/lib/java:."/><property name="java.vendor" value="Amazon.com Inc."/><property name="sun.io.unicode.encoding" value="UnicodeBig"/><property name="socksNonProxyHosts" value="local|*.local|169.254/16|*.169.254/16"/><property name="java.class.path" value="/Users/anastasiiazubkova/Library/Application Support/JetBrains/IntelliJIdea2023.2/plugins/Scala/launcher/sbt-launch.jar"/><property name="java.vm.vendor" value="Amazon.com Inc."/><property name="jline.shutdownhook" value="false"/><property name="user.timezone" value="Europe/Berlin"/><property name="java.vm.specification.version" value="17"/><property name="os.name" value="Mac OS X"/><property name="sun.java.launcher" value="SUN_STANDARD"/><property name="user.country" value="DE"/><property name="http.nonProxyHosts" value="local|*.local|169.254/16|*.169.254/16"/><property name="sun.cpu.endian" value="little"/><property name="user.home" value="/Users/anastasiiazubkova"/><property name="user.language" value="en"/><property name="sbt.ipcsocket.tmpdir" value="/var/folders/t7/lgjflk3d52qcw7xsf74fglth0000gp/T/.sbt91cb9da2/ipcsocket"/><property name="swoval.tmpdir" value="/var/folders/t7/lgjflk3d52qcw7xsf74fglth0000gp/T/.sbt91cb9da2/swoval"/><property name="jline.esc.timeout" value="0"/><property name="ftp.nonProxyHosts" value="local|*.local|169.254/16|*.169.254/16"/><property name="path.separator" value=":"/><property name="os.version" value="14.4.1"/><property name="jna.nosys" value="true"/><property name="java.runtime.name" value="OpenJDK Runtime Environment"/><property name="java.vm.name" value="OpenJDK 64-Bit Server VM"/><property name="java.vendor.url.bug" value="https://github.com/corretto/corretto-17/issues/"/><property name="user.dir" value="/Users/anastasiiazubkova/Documents/pet-crud-app"/><property name="os.arch" value="aarch64"/><property name="idea.managed" value="true"/><property name="java.vm.info" value="mixed mode, sharing"/><property name="java.vm.version" value="17.0.3+6-LTS"/><property name="java.class.version" value="61.0"/>
    </properties>
          <testcase classname="services.PetServiceTest" name="PetService should create a new pet" time="0.003">
                      
                    </testcase><testcase classname="services.PetServiceTest" name="PetService should get an existing pet" time="0.001">
                      
                    </testcase><testcase classname="services.PetServiceTest" name="PetService should return None for a non-existing pet" time="0.0">
                      
                    </testcase><testcase classname="services.PetServiceTest" name="PetService should update an existing pet" time="0.0">
                      
                    </testcase><testcase classname="services.PetServiceTest" name="PetService should delete an existing pet" time="0.001">
                      
                    </testcase><testcase classname="services.PetServiceTest" name="PetService should delete a non-existing pet" time="0.0">
                      
                    </testcase>
          <system-out><![CDATA[]]></system-out>
          <system-err><![CDATA[]]></system-err>
        </testsuite>